Determining if the pthread_create exist failed with the following output:
Change Dir: /mnt/hgfs/projects/SAIC/vSomeIP_Test/server/build/CMakeFiles/CMakeTmp

Run Build Command:"/usr/bin/make" "cmTC_dae12/fast"
/usr/bin/make -f CMakeFiles/cmTC_dae12.dir/build.make CMakeFiles/cmTC_dae12.dir/build
make[1]: Entering directory '/mnt/hgfs/projects/SAIC/vSomeIP_Test/server/build/CMakeFiles/CMakeTmp'
Building C object CMakeFiles/cmTC_dae12.dir/CheckSymbolExists.c.o
/opt/poky/2.1.3/sysroots/x86_64-pokysdk-linux/usr/bin/aarch64-poky-linux/aarch64-poky-linux-gcc   -march=armv8-a -mtune=cortex-a57.cortex-a53 --sysroot=/opt/poky/2.1.3/sysroots/aarch64-poky-linux   -O2 -pipe -g -feliminate-unused-debug-types      -o CMakeFiles/cmTC_dae12.dir/CheckSymbolExists.c.o   -c /mnt/hgfs/projects/SAIC/vSomeIP_Test/server/build/CMakeFiles/CMakeTmp/CheckSymbolExists.c
Linking C executable cmTC_dae12
/usr/bin/cmake -E cmake_link_script CMakeFiles/cmTC_dae12.dir/link.txt --verbose=1
/opt/poky/2.1.3/sysroots/x86_64-pokysdk-linux/usr/bin/aarch64-poky-linux/aarch64-poky-linux-gcc   -march=armv8-a -mtune=cortex-a57.cortex-a53 --sysroot=/opt/poky/2.1.3/sysroots/aarch64-poky-linux  -O2 -pipe -g -feliminate-unused-debug-types      -Wl,-O1 -Wl,--hash-style=gnu -Wl,--as-needed  CMakeFiles/cmTC_dae12.dir/CheckSymbolExists.c.o  -o cmTC_dae12 -rdynamic 
CMakeFiles/cmTC_dae12.dir/CheckSymbolExists.c.o: In function `main':
/mnt/hgfs/projects/SAIC/vSomeIP_Test/server/build/CMakeFiles/CMakeTmp/CheckSymbolExists.c:8: undefined reference to `pthread_create'
/mnt/hgfs/projects/SAIC/vSomeIP_Test/server/build/CMakeFiles/CMakeTmp/CheckSymbolExists.c:8: undefined reference to `pthread_create'
collect2: error: ld returned 1 exit status
CMakeFiles/cmTC_dae12.dir/build.make:97: recipe for target 'cmTC_dae12' failed
make[1]: *** [cmTC_dae12] Error 1
make[1]: Leaving directory '/mnt/hgfs/projects/SAIC/vSomeIP_Test/server/build/CMakeFiles/CMakeTmp'
Makefile:126: recipe for target 'cmTC_dae12/fast' failed
make: *** [cmTC_dae12/fast] Error 2

File /mnt/hgfs/projects/SAIC/vSomeIP_Test/server/build/CMakeFiles/CMakeTmp/CheckSymbolExists.c:
/* */
#include <pthread.h>

int main(int argc, char** argv)
{
  (void)argv;
#ifndef pthread_create
  return ((int*)(&pthread_create))[argc];
#else
  (void)argc;
  return 0;
#endif
}

Determining if the function pthread_create exists in the pthreads failed with the following output:
Change Dir: /mnt/hgfs/projects/SAIC/vSomeIP_Test/server/build/CMakeFiles/CMakeTmp

Run Build Command:"/usr/bin/make" "cmTC_66170/fast"
/usr/bin/make -f CMakeFiles/cmTC_66170.dir/build.make CMakeFiles/cmTC_66170.dir/build
make[1]: Entering directory '/mnt/hgfs/projects/SAIC/vSomeIP_Test/server/build/CMakeFiles/CMakeTmp'
Building C object CMakeFiles/cmTC_66170.dir/CheckFunctionExists.c.o
/opt/poky/2.1.3/sysroots/x86_64-pokysdk-linux/usr/bin/aarch64-poky-linux/aarch64-poky-linux-gcc   -march=armv8-a -mtune=cortex-a57.cortex-a53 --sysroot=/opt/poky/2.1.3/sysroots/aarch64-poky-linux   -O2 -pipe -g -feliminate-unused-debug-types   -DCHECK_FUNCTION_EXISTS=pthread_create   -o CMakeFiles/cmTC_66170.dir/CheckFunctionExists.c.o   -c /usr/share/cmake-3.5/Modules/CheckFunctionExists.c
Linking C executable cmTC_66170
/usr/bin/cmake -E cmake_link_script CMakeFiles/cmTC_66170.dir/link.txt --verbose=1
/opt/poky/2.1.3/sysroots/x86_64-pokysdk-linux/usr/bin/aarch64-poky-linux/aarch64-poky-linux-gcc   -march=armv8-a -mtune=cortex-a57.cortex-a53 --sysroot=/opt/poky/2.1.3/sysroots/aarch64-poky-linux  -O2 -pipe -g -feliminate-unused-debug-types   -DCHECK_FUNCTION_EXISTS=pthread_create   -Wl,-O1 -Wl,--hash-style=gnu -Wl,--as-needed  CMakeFiles/cmTC_66170.dir/CheckFunctionExists.c.o  -o cmTC_66170 -rdynamic -lpthreads 
/opt/poky/2.1.3/sysroots/x86_64-pokysdk-linux/usr/libexec/aarch64-poky-linux/gcc/aarch64-poky-linux/5.2.1/real-ld: cannot find -lpthreads
collect2: error: ld returned 1 exit status
CMakeFiles/cmTC_66170.dir/build.make:97: recipe for target 'cmTC_66170' failed
make[1]: *** [cmTC_66170] Error 1
make[1]: Leaving directory '/mnt/hgfs/projects/SAIC/vSomeIP_Test/server/build/CMakeFiles/CMakeTmp'
Makefile:126: recipe for target 'cmTC_66170/fast' failed
make: *** [cmTC_66170/fast] Error 2


